node name | # parameters
_TFProfRoot (--/2.03m params)
  Cmsg_MLP_layer_1 (--/160.40k params)
    Cmsg_MLP_layer_1/bias (400, 400/400 params)
    Cmsg_MLP_layer_1/kernel (400x400, 160.00k/160.00k params)
  Cmsg_MLP_layer_2 (--/160.40k params)
    Cmsg_MLP_layer_2/bias (400, 400/400 params)
    Cmsg_MLP_layer_2/kernel (400x400, 160.00k/160.00k params)
  Cmsg_MLP_layer_3 (--/160.40k params)
    Cmsg_MLP_layer_3/bias (400, 400/400 params)
    Cmsg_MLP_layer_3/kernel (400x400, 160.00k/160.00k params)
  Cmsg_MLP_layer_4 (--/160.40k params)
    Cmsg_MLP_layer_4/bias (400, 400/400 params)
    Cmsg_MLP_layer_4/kernel (400x400, 160.00k/160.00k params)
  Cu_cell (--/1.28m params)
    Cu_cell/layer_norm_basic_lstm_cell (--/1.28m params)
      Cu_cell/layer_norm_basic_lstm_cell/forget (--/800 params)
        Cu_cell/layer_norm_basic_lstm_cell/forget/beta (400, 400/400 params)
        Cu_cell/layer_norm_basic_lstm_cell/forget/gamma (400, 400/400 params)
      Cu_cell/layer_norm_basic_lstm_cell/input (--/800 params)
        Cu_cell/layer_norm_basic_lstm_cell/input/beta (400, 400/400 params)
        Cu_cell/layer_norm_basic_lstm_cell/input/gamma (400, 400/400 params)
      Cu_cell/layer_norm_basic_lstm_cell/kernel (800x1600, 1.28m/1.28m params)
      Cu_cell/layer_norm_basic_lstm_cell/output (--/800 params)
        Cu_cell/layer_norm_basic_lstm_cell/output/beta (400, 400/400 params)
        Cu_cell/layer_norm_basic_lstm_cell/output/gamma (400, 400/400 params)
      Cu_cell/layer_norm_basic_lstm_cell/state (--/800 params)
        Cu_cell/layer_norm_basic_lstm_cell/state/beta (400, 400/400 params)
        Cu_cell/layer_norm_basic_lstm_cell/state/gamma (400, 400/400 params)
      Cu_cell/layer_norm_basic_lstm_cell/transform (--/800 params)
        Cu_cell/layer_norm_basic_lstm_cell/transform/beta (400, 400/400 params)
        Cu_cell/layer_norm_basic_lstm_cell/transform/gamma (400, 400/400 params)
  Lmsg_MLP_layer_1 (--/6.48k params)
    Lmsg_MLP_layer_1/bias (80, 80/80 params)
    Lmsg_MLP_layer_1/kernel (80x80, 6.40k/6.40k params)
  Lmsg_MLP_layer_2 (--/6.48k params)
    Lmsg_MLP_layer_2/bias (80, 80/80 params)
    Lmsg_MLP_layer_2/kernel (80x80, 6.40k/6.40k params)
  Lmsg_MLP_layer_3 (--/6.48k params)
    Lmsg_MLP_layer_3/bias (80, 80/80 params)
    Lmsg_MLP_layer_3/kernel (80x80, 6.40k/6.40k params)
  Lmsg_MLP_layer_4 (--/6.48k params)
    Lmsg_MLP_layer_4/bias (80, 80/80 params)
    Lmsg_MLP_layer_4/kernel (80x80, 6.40k/6.40k params)
  Lu_cell (--/77.60k params)
    Lu_cell/layer_norm_basic_lstm_cell (--/77.60k params)
      Lu_cell/layer_norm_basic_lstm_cell/forget (--/160 params)
        Lu_cell/layer_norm_basic_lstm_cell/forget/beta (80, 80/80 params)
        Lu_cell/layer_norm_basic_lstm_cell/forget/gamma (80, 80/80 params)
      Lu_cell/layer_norm_basic_lstm_cell/input (--/160 params)
        Lu_cell/layer_norm_basic_lstm_cell/input/beta (80, 80/80 params)
        Lu_cell/layer_norm_basic_lstm_cell/input/gamma (80, 80/80 params)
      Lu_cell/layer_norm_basic_lstm_cell/kernel (240x320, 76.80k/76.80k params)
      Lu_cell/layer_norm_basic_lstm_cell/output (--/160 params)
        Lu_cell/layer_norm_basic_lstm_cell/output/beta (80, 80/80 params)
        Lu_cell/layer_norm_basic_lstm_cell/output/gamma (80, 80/80 params)
      Lu_cell/layer_norm_basic_lstm_cell/state (--/160 params)
        Lu_cell/layer_norm_basic_lstm_cell/state/beta (80, 80/80 params)
        Lu_cell/layer_norm_basic_lstm_cell/state/gamma (80, 80/80 params)
      Lu_cell/layer_norm_basic_lstm_cell/transform (--/160 params)
        Lu_cell/layer_norm_basic_lstm_cell/transform/beta (80, 80/80 params)
        Lu_cell/layer_norm_basic_lstm_cell/transform/gamma (80, 80/80 params)
  Lvote_MLP_layer_1 (--/2.59k params)
    Lvote_MLP_layer_1/bias (32, 32/32 params)
    Lvote_MLP_layer_1/kernel (80x32, 2.56k/2.56k params)
  Lvote_MLP_layer_2 (--/1.06k params)
    Lvote_MLP_layer_2/bias (32, 32/32 params)
    Lvote_MLP_layer_2/kernel (32x32, 1.02k/1.02k params)
  Lvote_MLP_layer_3 (--/1.06k params)
    Lvote_MLP_layer_3/bias (32, 32/32 params)
    Lvote_MLP_layer_3/kernel (32x32, 1.02k/1.02k params)
  Lvote_MLP_layer_4 (--/330 params)
    Lvote_MLP_layer_4/bias (10, 10/10 params)
    Lvote_MLP_layer_4/kernel (32x10, 320/320 params)
  Variable (8, 8/8 params)
  Variable_1 (8, 8/8 params)
